[2015.10.07-23.12.02:294][  0]Log file open, 10/07/15 19:12:02
[2015.10.07-23.12.02:294][  0]LogInit:Display: Running engine for game: MyProject2
[2015.10.07-23.12.02:294][  0]LogInit:Display: RandInit(1191502367) SRandInit(1191502367).
[2015.10.07-23.12.02:294][  0]LogTaskGraph: Started task graph with 4 named threads and 7 total threads.
[2015.10.07-23.12.02:294][  0]LogStats: Stats thread started at 0.069470
[2015.10.07-23.12.02:294][  0]LogInit: Version: 4.9.1-2689999+++depot+UE4-Releases+4.9
[2015.10.07-23.12.02:294][  0]LogInit: API Version: 2672455
[2015.10.07-23.12.02:294][  0]LogInit: Compiled (64-bit): Sep 14 2015 04:12:03
[2015.10.07-23.12.02:294][  0]LogInit: Compiled with Visual C++: 18.00.21005.01
[2015.10.07-23.12.02:294][  0]LogInit: Build Configuration: Development
[2015.10.07-23.12.02:294][  0]LogInit: Branch Name: ++depot+UE4-Releases+4.9
[2015.10.07-23.12.02:294][  0]LogInit: Command line: 
[2015.10.07-23.12.02:294][  0]LogInit: Base directory: C:/Program Files/Epic Games/4.9/Engine/Binaries/Win64/
[2015.10.07-23.12.02:294][  0]LogInit: Rocket: 1
[2015.10.07-23.12.02:301][  0]LogInit: Using libcurl 7.41.0
[2015.10.07-23.12.02:301][  0]LogInit:  - built for x86_64-pc-win32
[2015.10.07-23.12.02:301][  0]LogInit:  - supports SSL with WinSSL
[2015.10.07-23.12.02:301][  0]LogInit:  - other features:
[2015.10.07-23.12.02:301][  0]LogInit:      CURL_VERSION_SSL
[2015.10.07-23.12.02:301][  0]LogInit:      CURL_VERSION_IPV6
[2015.10.07-23.12.02:301][  0]LogInit:      CURL_VERSION_ASYNCHDNS
[2015.10.07-23.12.02:301][  0]LogInit:      CURL_VERSION_LARGEFILE
[2015.10.07-23.12.02:301][  0]LogInit:      CURL_VERSION_IDN
[2015.10.07-23.12.02:301][  0]LogInit:  CurlRequestOptions (configurable via config and command line):
[2015.10.07-23.12.02:301][  0]LogInit:  - bVerifyPeer = true  - Libcurl will verify peer certificate
[2015.10.07-23.12.02:301][  0]LogInit:  - bUseHttpProxy = false  - Libcurl will NOT use HTTP proxy
[2015.10.07-23.12.02:301][  0]LogInit:  - bDontReuseConnections = false  - Libcurl will reuse connections
[2015.10.07-23.12.02:301][  0]LogInit:  - CertBundlePath = nullptr  - Libcurl will use whatever was configured at build time.
[2015.10.07-23.12.02:307][  0]LogInit: Presizing for 0 objects not considered by GC, pre-allocating 0 bytes.
[2015.10.07-23.12.02:314][  0]LogInit: Object subsystem initialized
[2015.10.07-23.12.02:316][  0]LogInit: Selected Device Profile: [Windows]
[2015.10.07-23.12.02:316][  0]LogInit: Applying CVar settings loaded from the selected device profile: [Windows]
[2015.10.07-23.12.02:325][  0]LogInit: Computer: CS-ABH319-8
[2015.10.07-23.12.02:325][  0]LogInit: User: titusla
[2015.10.07-23.12.02:325][  0]LogInit: CPU Page size=4096, Cores=4
[2015.10.07-23.12.02:325][  0]LogInit: High frequency timer resolution =3.020429 MHz
[2015.10.07-23.12.02:325][  0]LogMemory: Memory total: Physical=7.9GB (8GB approx)
[2015.10.07-23.12.02:325][  0]LogMemory: Platform Memory Stats for Windows
[2015.10.07-23.12.02:325][  0]LogMemory: Process Physical Memory: 53.78 MB used, 53.78 MB peak
[2015.10.07-23.12.02:325][  0]LogMemory: Process Virtual Memory: 58.34 MB used, 58.34 MB peak
[2015.10.07-23.12.02:325][  0]LogMemory: Physical Memory: 4433.70 MB used, 8100.34 MB total
[2015.10.07-23.12.02:325][  0]LogMemory: Virtual Memory: 339.37 MB used, 8388608.00 MB total
[2015.10.07-23.12.02:356][  0]LogTextLocalizationManager: No specific translations for ('en-US') exist, so ('en') translations will be used.
[2015.10.07-23.12.03:073][  0]LogD3D11RHI: Found D3D11 adapter 0: Intel(R) HD Graphics 4600 (Feature Level 11_0)
[2015.10.07-23.12.03:073][  0]LogD3D11RHI: Adapter has 64MB of dedicated video memory, 0MB of dedicated system memory, and 1632MB of shared system memory, 1 output[s]
[2015.10.07-23.12.03:073][  0]LogD3D11RHI: Chosen D3D11 Adapter Id = 0
[2015.10.07-23.12.03:078][  0]LogD3D11RHI: !Direct3DDevice
[2015.10.07-23.12.03:078][  0]LogRHI: Texture pool is 616 MB (70% of 880 MB)
[2015.10.07-23.12.03:085][  0]LogD3D11RHI: Async texture creation enabled
[2015.10.07-23.12.03:088][  0]LogShaderCompilers: Guid format shader working directory is 15 characters bigger than the processId version (../../../../../../Users/titusla/Documents/Unreal Projects/MyProject2/Intermediate/Shaders/WorkingDirectory/3496/).
[2015.10.07-23.12.03:088][  0]LogShaderCompilers: Cleaned the shader compiler working directory '../../../../../../Users/titusla/Documents/Unreal Projects/MyProject2/Intermediate/Shaders/tmp/B0208FA34F148D3085EF62B98BC0C957/'.
[2015.10.07-23.12.03:088][  0]LogShaderCompilers:Display: Using Local Shader Compiler.
[2015.10.07-23.12.04:070][  0]LogTemp:Display: Loaded TP AllDesktopTargetPlatform
[2015.10.07-23.12.04:075][  0]LogTemp:Display: Loaded TP WindowsClientTargetPlatform
[2015.10.07-23.12.04:079][  0]LogTemp:Display: Loaded TP WindowsNoEditorTargetPlatform
[2015.10.07-23.12.04:084][  0]LogTemp:Display: Loaded TP WindowsServerTargetPlatform
[2015.10.07-23.12.04:088][  0]LogTemp:Display: Loaded TP WindowsTargetPlatform
[2015.10.07-23.12.04:091][  0]LogTemp:Display: Loaded TP AndroidTargetPlatform
[2015.10.07-23.12.04:094][  0]LogTemp:Display: Loaded TP Android_ASTCTargetPlatform
[2015.10.07-23.12.04:097][  0]LogTemp:Display: Loaded TP Android_ATCTargetPlatform
[2015.10.07-23.12.04:100][  0]LogTemp:Display: Loaded TP Android_DXTTargetPlatform
[2015.10.07-23.12.04:104][  0]LogTemp:Display: Loaded TP Android_ETC1TargetPlatform
[2015.10.07-23.12.04:107][  0]LogTemp:Display: Loaded TP Android_ETC2TargetPlatform
[2015.10.07-23.12.04:110][  0]LogTemp:Display: Loaded TP Android_PVRTCTargetPlatform
[2015.10.07-23.12.04:110][  0]LogTemp:Display: Loaded TP HTML5TargetPlatform
[2015.10.07-23.12.04:126][  0]LogTemp:Display: Loaded TP IOSTargetPlatform
[2015.10.07-23.12.04:128][  0]LogTemp:Display: Loaded TP LinuxNoEditorTargetPlatform
[2015.10.07-23.12.04:131][  0]LogTemp:Display: Loaded TP LinuxServerTargetPlatform
[2015.10.07-23.12.04:134][  0]LogTemp:Display: Loaded TP LinuxTargetPlatform
[2015.10.07-23.12.04:134][  0]LogTargetPlatformManager:Display: Building Assets For Windows
[2015.10.07-23.12.04:198][  0]LogDerivedDataCache:Display: Max Cache Size: 512 MB
[2015.10.07-23.12.04:244][  0]LogDerivedDataCache: Loaded boot cache 0.05s 41MB C:/Users/titusla/AppData/Local/UnrealEngine/4.9/DerivedDataCache/Boot.ddc.
[2015.10.07-23.12.04:244][  0]LogDerivedDataCache:Display: Loaded Boot cache: C:/Users/titusla/AppData/Local/UnrealEngine/4.9/DerivedDataCache/Boot.ddc
[2015.10.07-23.12.04:244][  0]LogDerivedDataCache: FDerivedDataBackendGraph:  Pak pak cache file ../../../../../../Users/titusla/Documents/Unreal Projects/MyProject2/DerivedDataCache/DDC.ddp not found, will not use a pak cache.
[2015.10.07-23.12.04:244][  0]LogDerivedDataCache: Unable to find inner node Pak for hierarchical cache Hierarchy.
[2015.10.07-23.12.04:244][  0]LogDerivedDataCache: FDerivedDataBackendGraph:  CompressedPak pak cache file ../../../../../../Users/titusla/Documents/Unreal Projects/MyProject2/DerivedDataCache/Compressed.ddp not found, will not use a pak cache.
[2015.10.07-23.12.04:244][  0]LogDerivedDataCache: Unable to find inner node CompressedPak for hierarchical cache Hierarchy.
[2015.10.07-23.12.04:371][  0]LogDerivedDataCache:Display: Pak cache opened for reading ../../../Engine/DerivedDataCache/Compressed.ddp.
[2015.10.07-23.12.04:382][  0]LogDerivedDataCache: Using Local data cache path C:/Users/titusla/AppData/Local/UnrealEngine/Common/DerivedDataCache: Writable
[2015.10.07-23.12.04:529][  0]LogInit: Selected Device Profile: [Windows]
[2015.10.07-23.12.04:529][  0]LogContentStreaming: Texture pool size is 0.000000MB
[2015.10.07-23.12.04:550][  0]LogMeshUtilities: No automatic mesh reduction module available
[2015.10.07-23.12.04:550][  0]LogMeshUtilities: No automatic mesh merging module available
[2015.10.07-23.12.05:072][  0]LogInit: WinSock: version 1.1 (2.2), MaxSocks=32767, MaxUdp=65467
[2015.10.07-23.12.05:714][  0]UdpMessaging: Initializing bridge on interface 0.0.0.0:0 to multicast group 230.0.0.1:6666.
[2015.10.07-23.12.05:800][  0]LogAssetRegistry: FAssetRegistry took 0.0099 seconds to start up
[2015.10.07-23.12.05:959][  0]SourceControl: Info Source control is disabled
[2015.10.07-23.12.06:091][  0]LogLinker:Warning: Asset '../../../Engine/Plugins/Runtime/LeapMotionController/Content/LM_PassthroughMaterial.uasset' has been saved with empty engine version. The asset will be loaded but may be incompatible.
[2015.10.07-23.12.06:149][  0]LogObj: 28361 objects as part of root set at end of initial load.
[2015.10.07-23.12.06:149][  0]LogUObjectAllocator: 6038864 out of 0 bytes used by permanent object pool.
[2015.10.07-23.12.06:199][  0]LogEngine: Initializing Engine...
[2015.10.07-23.12.06:200][  0]LogHMD: Can't find Oculus library dev build: is proper Runtime installed? Version: 0.7.0.0
[2015.10.07-23.12.06:201][  0]LogHMD: SteamVR failed to initialize.  Err: 110
[2015.10.07-23.12.06:324][  0]LogAIModule: Creating AISystem for world NewWorld
[2015.10.07-23.12.06:327][  0]LogInit: XAudio2 using 'Speakers / Headphones (Realtek High Definition Audio)' : 2 channels at 48 kHz using 32 bits per sample (channel mask 0x3)
[2015.10.07-23.12.06:400][  0]LogInit: FAudioDevice initialized.
[2015.10.07-23.12.06:427][  0]LogDerivedDataCache: Saved boot cache 0.03s 41MB C:/Users/titusla/AppData/Local/UnrealEngine/4.9/DerivedDataCache/Boot.ddc.
[2015.10.07-23.12.06:432][  0]LogInit: Texture streaming: Enabled
[2015.10.07-23.12.06:437][  0]LogAnalytics: Creating configured Analytics provider AnalyticsET
[2015.10.07-23.12.06:437][  0]LogAnalytics: [UEEditor.Rocket.Release] APIServer = http://et2.epicgames.com/ET2/. AppVersion = 4.9.1-2689999+++depot+UE4-Releases+4.9
[2015.10.07-23.12.06:437][  0]LogAnalytics: [UEEditor.Rocket.Release] SetUserId f34d436c492bffa139527abd74321b88|34fb0b047c0f422ba8b292715bf14dcc|ebb1d216-1d38-45a8-8bb9-19369586042e
[2015.10.07-23.12.06:437][  0]LogAnalytics: [UEEditor.Rocket.Release] AnalyticsET::StartSession
[2015.10.07-23.12.06:451][  0]LogInit: Transaction tracking system initialized
[2015.10.07-23.12.06:477][  0]BlueprintLog: New page: Editor Load
[2015.10.07-23.12.06:546][  0]LocalizationService: Info Localization service is disabled
[2015.10.07-23.12.06:782][  0]LogConsoleResponse:Display: 
[2015.10.07-23.12.06:882][  0]LogCook:Display: Done creating registry. It took  0.00s.
[2015.10.07-23.12.06:925][  0]LogFileCache: Scanning file cache for directory 'C:/Users/titusla/Documents/Unreal Projects/MyProject2/Content/' took 0.01s
[2015.10.07-23.12.06:925][  0]Cmd: MAP LOAD FILE="../../../../../../Users/titusla/Documents/Unreal Projects/MyProject2/Content/2DSideScrollerBP/Maps/2DSideScrollerExampleMap.umap" TEMPLATE=0 SHOWPROGRESS=1 FEATURELEVEL=3
[2015.10.07-23.12.06:925][  0]LightingResults: New page: Lighting Build
[2015.10.07-23.12.06:928][  0]MapCheck: New page: Map Check
[2015.10.07-23.12.06:928][  0]LightingResults: New page: Lighting Build
[2015.10.07-23.12.06:936][  0]LogParticles: Destroying 0 GPU particle simulations for FXSystem 0x000000001DE06160
[2015.10.07-23.12.07:182][  0]LogAIModule: Creating AISystem for world 2DSideScrollerExampleMap
[2015.10.07-23.12.07:187][  0]LogEditorServer: Finished looking for orphan Actors (0.000 secs)
[2015.10.07-23.12.07:188][  0]Cmd: MAP CHECKDEP NOCLEARLOG
[2015.10.07-23.12.07:234][  0]MapCheck: Info Map check complete: 0 Error(s), 0 Warning(s), took 45.615ms to complete.
[2015.10.07-23.12.07:234][  0]LogFileHelpers: Loading map '2DSideScrollerExampleMap' took 0.309
[2015.10.07-23.12.07:323][  0]LogCollectionManager: Loaded 0 collections in 0.001914 seconds
[2015.10.07-23.12.07:360][  0]LogFileCache: Scanning file cache for directory 'C:/Users/titusla/Documents/Unreal Projects/MyProject2/Saved/Collections/' took 0.01s
[2015.10.07-23.12.07:360][  0]LogFileCache: Scanning file cache for directory 'C:/Users/titusla/Documents/Unreal Projects/MyProject2/Content/Developers/titusla/Collections/' took 0.01s
[2015.10.07-23.12.07:360][  0]LogFileCache: Scanning file cache for directory 'C:/Users/titusla/Documents/Unreal Projects/MyProject2/Content/Collections/' took 0.01s
[2015.10.07-23.12.07:360][  0]LogContentBrowser: Native class hierarchy populated in 0.0062 seconds. Added 1867 classes and 333 folders.
[2015.10.07-23.12.07:364][  0]LogCollectionManager: Rebuilt the GUID cache for 0 collections in 0.000002 seconds
[2015.10.07-23.12.07:370][  0]LogContentBrowser: Native class hierarchy updated for 'WidgetCarousel' in 0.0003 seconds. Added 0 classes and 0 folders.
[2015.10.07-23.12.07:404][  0]LogContentBrowser: Native class hierarchy updated for 'AddContentDialog' in 0.0003 seconds. Added 0 classes and 0 folders.
[2015.10.07-23.12.07:407][  0]LogContentBrowser: Native class hierarchy updated for 'SceneOutliner' in 0.0003 seconds. Added 1 classes and 2 folders.
[2015.10.07-23.12.07:439][  0]LogCrashTracker: Crashtracker disabled due to settings.
[2015.10.07-23.12.07:442][  0]LogDirectoryWatcher:Warning: Failed to begin reading directory changes for ../../../../../../Users/titusla/Documents/Unreal Projects/MyProject2/Plugins/. Error: 0
[2015.10.07-23.12.07:445][  0]LogUObjectGlobals:Warning: Failed to find object 'Class None.'
[2015.10.07-23.12.07:465][  0]LogLoad: Full Startup: 5.65 seconds (BP compile: 0.04 seconds)
[2015.10.07-23.12.07:525][  0]LogContentStreaming: Texture pool size now 400 MB
[2015.10.07-23.12.07:701][  2]LogRenderer: Reallocating scene render targets to support 820x380 (Frame:2).
[2015.10.07-23.12.07:869][  3]LogAssetRegistry: Asset discovery search completed in 2.0790 seconds
[2015.10.07-23.12.07:869][  3]LogCollectionManager: Rebuilt the object cache for 0 collections in 0.000001 seconds (found 0 objects)
[2015.10.07-23.12.07:869][  3]LogCollectionManager: Fixed up redirectors for 0 collections in 0.000029 seconds (updated 0 objects)
[2015.10.07-23.12.15:543][675]LogEditorViewport: Clicking on Actor (context menu): 2DSideScrollerCharacter_C (2DSideScrollerCharacter)
[2015.10.07-23.12.26:659][592]LogBlueprintUserMessages: Early PlayInEditor Detection: Level '/Game/2DSideScrollerBP/Maps/2DSideScrollerExampleMap.2DSideScrollerExampleMap:PersistentLevel' has LevelScriptBlueprint '/Game/2DSideScrollerBP/Maps/2DSideScrollerExampleMap.2DSideScrollerExampleMap:PersistentLevel.2DSideScrollerExampleMap' with GeneratedClass '/Game/2DSideScrollerBP/Maps/2DSideScrollerExampleMap.2DSideScrollerExampleMap_C' with ClassGeneratedBy '/Game/2DSideScrollerBP/Maps/2DSideScrollerExampleMap.2DSideScrollerExampleMap:PersistentLevel.2DSideScrollerExampleMap'
[2015.10.07-23.12.26:659][592]LogPlayLevel: PlayLevel: No blueprints needed recompiling
[2015.10.07-23.12.26:659][592]PIE: New page: PIE session: 2DSideScrollerExampleMap (Oct 7, 2015, 3:12:26 PM)
[2015.10.07-23.12.26:659][592]LogPlayLevel: Creating play world package: /Game/2DSideScrollerBP/Maps/UEDPIE_1_2DSideScrollerExampleMap
[2015.10.07-23.12.26:662][592]LogPlayLevel: PIE: StaticDuplicateObject took: (0.002778s)
[2015.10.07-23.12.26:663][592]LogAIModule: Creating AISystem for world 2DSideScrollerExampleMap
[2015.10.07-23.12.26:663][592]LogPlayLevel: PIE: World Init took: (0.000670s)
[2015.10.07-23.12.26:663][592]LogPlayLevel: PIE: Created PIE world by copying editor world from /Game/2DSideScrollerBP/Maps/2DSideScrollerExampleMap.2DSideScrollerExampleMap to /Game/2DSideScrollerBP/Maps/UEDPIE_1_2DSideScrollerExampleMap.2DSideScrollerExampleMap (0.003658s)
[2015.10.07-23.12.26:712][592]LogWorld: Game class is '2DSideScrollerGameMode_C'
[2015.10.07-23.12.26:713][592]LogActor:Warning: RecastNavMesh /Game/2DSideScrollerBP/Maps/UEDPIE_1_2DSideScrollerExampleMap.2DSideScrollerExampleMap:PersistentLevel.RecastNavMesh_0 has natively added scene component(s), but none of them were set as the actor's RootComponent - picking one arbitrarily
[2015.10.07-23.12.26:715][592]LogWorld: Bringing World /Game/2DSideScrollerBP/Maps/UEDPIE_1_2DSideScrollerExampleMap.2DSideScrollerExampleMap up for play (max tick rate 0) at 2015.10.07-19.12.26
[2015.10.07-23.12.26:716][592]LogActor:Warning: GameSession /Game/2DSideScrollerBP/Maps/UEDPIE_1_2DSideScrollerExampleMap.2DSideScrollerExampleMap:PersistentLevel.GameSession_0 has natively added scene component(s), but none of them were set as the actor's RootComponent - picking one arbitrarily
[2015.10.07-23.12.26:716][592]LogActor:Warning: GameNetworkManager /Game/2DSideScrollerBP/Maps/UEDPIE_1_2DSideScrollerExampleMap.2DSideScrollerExampleMap:PersistentLevel.GameNetworkManager_0 has natively added scene component(s), but none of them were set as the actor's RootComponent - picking one arbitrarily
[2015.10.07-23.12.26:716][592]LogWorld: Bringing up level for play took: 0.002679
[2015.10.07-23.12.26:716][592]LogInit: WinSock: Socket queue 131072 / 131072
[2015.10.07-23.12.26:717][592]LogInit: WinSock: I am CS-ABH319-8 (152.10.200.72:0)
[2015.10.07-23.12.26:717][592]LogNet: GameNetDriver IpNetDriver_0 IpNetDriver listening on port 7777
[2015.10.07-23.12.26:718][592]PIE: Info Play in editor start time for /Game/2DSideScrollerBP/Maps/UEDPIE_1_2DSideScrollerExampleMap 0.539
[2015.10.07-23.12.26:719][592]PIE: New page: PIE session: 2DSideScrollerExampleMap (Oct 7, 2015, 3:12:26 PM)
[2015.10.07-23.12.26:722][592]LogInit: XAudio2 using 'Speakers / Headphones (Realtek High Definition Audio)' : 2 channels at 48 kHz using 32 bits per sample (channel mask 0x3)
[2015.10.07-23.12.26:731][592]LogInit: FAudioDevice initialized.
[2015.10.07-23.12.26:764][592]LogNet: Browse: 127.0.0.1//Game/2DSideScrollerBP/Maps/2DSideScrollerExampleMap
[2015.10.07-23.12.26:764][592]LogInit: WinSock: Socket queue 32768 / 32768
[2015.10.07-23.12.26:764][592]LogNet: Game client on port 7777, rate 10000
[2015.10.07-23.12.26:765][592]LogNet: GetLocalNetworkVersion: GEngineNetVersion: 2689999, ProjectName: myproject2, ProjectVersion: 1.0.0.0, InternalProtocolVersion: 9, LocalNetworkVersion: 678269259
[2015.10.07-23.12.26:778][592]PIE: Info Play in editor start time for /Game/2DSideScrollerBP/Maps/2DSideScrollerExampleMap 0.599
[2015.10.07-23.12.26:779][592]LogBlueprintUserMessages: Late PlayInEditor Detection: Level '/Game/2DSideScrollerBP/Maps/2DSideScrollerExampleMap.2DSideScrollerExampleMap:PersistentLevel' has LevelScriptBlueprint '/Game/2DSideScrollerBP/Maps/2DSideScrollerExampleMap.2DSideScrollerExampleMap:PersistentLevel.2DSideScrollerExampleMap' with GeneratedClass '/Game/2DSideScrollerBP/Maps/2DSideScrollerExampleMap.2DSideScrollerExampleMap_C' with ClassGeneratedBy '/Game/2DSideScrollerBP/Maps/2DSideScrollerExampleMap.2DSideScrollerExampleMap:PersistentLevel.2DSideScrollerExampleMap'
[2015.10.07-23.12.26:779][592]LogNet: NotifyAcceptingConnection: Server 2DSideScrollerExampleMap accept
[2015.10.07-23.12.26:779][592]LogNet: Open 2DSideScrollerExampleMap 10/07/15 19:12:26 127.0.0.1
[2015.10.07-23.12.26:779][592]LogNet: Added client connection.  Remote address = 127.0.0.1:57001
[2015.10.07-23.12.26:779][592]LogNet: NotifyAcceptingChannel Control 0 server World /Game/2DSideScrollerBP/Maps/UEDPIE_1_2DSideScrollerExampleMap.2DSideScrollerExampleMap: Accepted
[2015.10.07-23.12.26:779][592]LogNet: Remote platform little endian=1
[2015.10.07-23.12.26:779][592]LogNet: This platform little endian=1
[2015.10.07-23.12.26:779][592]LogNet: GetLocalNetworkVersion: GEngineNetVersion: 2689999, ProjectName: myproject2, ProjectVersion: 1.0.0.0, InternalProtocolVersion: 9, LocalNetworkVersion: 678269259
[2015.10.07-23.12.26:791][593]LogNet: Login request: /Game/2DSideScrollerBP/Maps/2DSideScrollerExampleMap userId: Invalid
[2015.10.07-23.12.26:792][593]LogNet: Welcomed by server (Level: /Game/2DSideScrollerBP/Maps/UEDPIE_1_2DSideScrollerExampleMap, Game: /Game/2DSideScrollerBP/Blueprints/2DSideScrollerGameMode.2DSideScrollerGameMode_C)
[2015.10.07-23.12.26:826][593]LogLoad: LoadMap: 127.0.0.1//Game/2DSideScrollerBP/Maps/UEDPIE_1_2DSideScrollerExampleMap?game=/Game/2DSideScrollerBP/Blueprints/2DSideScrollerGameMode.2DSideScrollerGameMode_C
[2015.10.07-23.12.26:839][593]LogParticles: Destroying 0 GPU particle simulations for FXSystem 0x0000000013D54EA0
[2015.10.07-23.12.26:840][593]Cmd: MEM
[2015.10.07-23.12.26:849][593]LogMemory: Platform Memory Stats for Windows
[2015.10.07-23.12.26:849][593]LogMemory: Process Physical Memory: 563.48 MB used, 571.35 MB peak
[2015.10.07-23.12.26:849][593]LogMemory: Process Virtual Memory: 523.49 MB used, 535.57 MB peak
[2015.10.07-23.12.26:849][593]LogMemory: Physical Memory: 4520.52 MB used, 8100.34 MB total
[2015.10.07-23.12.26:849][593]LogMemory: Virtual Memory: 1173.59 MB used, 8388608.00 MB total
[2015.10.07-23.12.26:849][593]LogMemory: 
[2015.10.07-23.12.26:849][593]Allocator Stats for TBB: (not implemented)
[2015.10.07-23.12.26:850][593]LogLinker: Can't find file for asset '/Game/2DSideScrollerBP/Maps/UEDPIE_1_2DSideScrollerExampleMap' while loading NULL.
[2015.10.07-23.12.26:851][593]LogWorld: PIE: Copying PIE streaming level from /Game/2DSideScrollerBP/Maps/2DSideScrollerExampleMap.2DSideScrollerExampleMap to /Game/2DSideScrollerBP/Maps/UEDPIE_2_2DSideScrollerExampleMap.2DSideScrollerExampleMap. OwningWorld: None
[2015.10.07-23.12.26:852][593]LogAIModule: Creating AISystem for world 2DSideScrollerExampleMap
[2015.10.07-23.12.26:855][593]LogWorld: Bringing World /Game/2DSideScrollerBP/Maps/UEDPIE_2_2DSideScrollerExampleMap.2DSideScrollerExampleMap up for play (max tick rate 0) at 2015.10.07-19.12.26
[2015.10.07-23.12.26:855][593]LogWorld: Bringing up level for play took: 0.002609
[2015.10.07-23.12.26:863][594]LogNet: Client netspeed is 10000
[2015.10.07-23.12.26:863][594]LogNet: Join request: /Game/2DSideScrollerBP/Maps/2DSideScrollerExampleMap?SplitscreenCount=1
[2015.10.07-23.12.26:866][594]LogScript:Warning: Accessed None 'CallFunc_Create_ReturnValue'
	2DSideScrollerCharacter_C /Game/2DSideScrollerBP/Maps/UEDPIE_1_2DSideScrollerExampleMap.2DSideScrollerExampleMap:PersistentLevel.2DSideScrollerCharacter_C_4
	Function /Game/2DSideScrollerBP/Blueprints/2DSideScrollerCharacter.2DSideScrollerCharacter_C:ExecuteUbergraph_2DSideScrollerCharacter:04E9
[2015.10.07-23.12.26:866][594]PIE:Error: Error Accessed None 'CallFunc_Create_ReturnValue' from node Add to Viewport in graph 'EventGraph' in blueprint 2DSideScrollerCharacter
[2015.10.07-23.12.26:866][594]LogScript:Warning: Accessed None 'CallFunc_Create_ReturnValue2'
	2DSideScrollerCharacter_C /Game/2DSideScrollerBP/Maps/UEDPIE_1_2DSideScrollerExampleMap.2DSideScrollerExampleMap:PersistentLevel.2DSideScrollerCharacter_C_4
	Function /Game/2DSideScrollerBP/Blueprints/2DSideScrollerCharacter.2DSideScrollerCharacter_C:ExecuteUbergraph_2DSideScrollerCharacter:059C
[2015.10.07-23.12.26:866][594]PIE:Error: Error Accessed None 'CallFunc_Create_ReturnValue2' from node Add to Viewport in graph 'EventGraph' in blueprint 2DSideScrollerCharacter
[2015.10.07-23.12.26:866][594]LogNet: Join succeeded: 256
[2015.10.07-23.12.33:892][183]LogBlueprintUserMessages: Early EndPlayMap Detection: Level '/Game/2DSideScrollerBP/Maps/2DSideScrollerExampleMap.2DSideScrollerExampleMap:PersistentLevel' has LevelScriptBlueprint '/Game/2DSideScrollerBP/Maps/2DSideScrollerExampleMap.2DSideScrollerExampleMap:PersistentLevel.2DSideScrollerExampleMap' with GeneratedClass '/Game/2DSideScrollerBP/Maps/2DSideScrollerExampleMap.2DSideScrollerExampleMap_C' with ClassGeneratedBy '/Game/2DSideScrollerBP/Maps/2DSideScrollerExampleMap.2DSideScrollerExampleMap:PersistentLevel.2DSideScrollerExampleMap'
[2015.10.07-23.12.33:937][183]LogBlueprintUserMessages: Late EndPlayMap Detection: Level '/Game/2DSideScrollerBP/Maps/2DSideScrollerExampleMap.2DSideScrollerExampleMap:PersistentLevel' has LevelScriptBlueprint '/Game/2DSideScrollerBP/Maps/2DSideScrollerExampleMap.2DSideScrollerExampleMap:PersistentLevel.2DSideScrollerExampleMap' with GeneratedClass '/Game/2DSideScrollerBP/Maps/2DSideScrollerExampleMap.2DSideScrollerExampleMap_C' with ClassGeneratedBy '/Game/2DSideScrollerBP/Maps/2DSideScrollerExampleMap.2DSideScrollerExampleMap:PersistentLevel.2DSideScrollerExampleMap'
[2015.10.07-23.12.33:945][183]LogNet: UChannel::CleanUp: [GameNetDriver] [None] [None]. ChIndex == 0. Closing connection.
[2015.10.07-23.12.33:945][183]LogNet: UNetConnection::Close: Name: IpConnection_1, Driver: GameNetDriver IpNetDriver_0, PC: None, Owner: None, Channels: 2, RemoteAddr: 127.0.0.1:57001, Time: 2015.10.07-23.12.33
[2015.10.07-23.12.33:945][183]LogNet: UChannel::Close: Sending CloseBunch. ChIndex == 0. Name: ControlChannel_1
[2015.10.07-23.12.33:945][183]LogNet: UChannel::CleanUp: [GameNetDriver] [None] [None]. ChIndex == 0. Closing connection.
[2015.10.07-23.12.33:945][183]LogNet: UNetConnection::Close: Name: IpConnection_0, Driver: GameNetDriver IpNetDriver_1, PC: None, Owner: None, Channels: 2, RemoteAddr: 127.0.0.1:7777, Time: 2015.10.07-23.12.33
[2015.10.07-23.12.33:945][183]LogNet: UChannel::Close: Sending CloseBunch. ChIndex == 0. Name: ControlChannel_0
[2015.10.07-23.12.33:949][183]LogExit: GameNetDriver None shut down
[2015.10.07-23.12.33:949][183]LogExit: GameNetDriver None shut down
[2015.10.07-23.12.33:950][183]LogParticles: Destroying 0 GPU particle simulations for FXSystem 0x000000001175D080
[2015.10.07-23.12.33:950][183]LogParticles: Destroying 0 GPU particle simulations for FXSystem 0x000000001B413C40
[2015.10.07-23.13.16:248][183]LogDirectoryWatcher:Warning: Failed to begin reading directory changes for ../../../../../../Users/titusla/Documents/Unreal Projects/MyProject2/Plugins/. Error: 0
[2015.10.07-23.14.32:572][679]SourceControl: Info Source control is disabled
[2015.10.07-23.14.43:158][595]LogWindows: LaunchURL http://docs.unrealengine.com/latest/INT/Engine/Blueprints/UserGuide/Types/ClassBlueprint/index.html?utm_source=editor&utm_medium=docs&utm_campaign=cb_docs
[2015.10.07-23.18.05:717][683]LogDirectoryWatcher:Warning: Failed to begin reading directory changes for ../../../../../../Users/titusla/Documents/Unreal Projects/MyProject2/Plugins/. Error: 0
[2015.10.07-23.18.34:248][589]LogSlate:Warning: Prevented a slow task dialog from being summoned while a context menu was open
[2015.10.07-23.41.42:771][836]SourceControl:Error: Error Failed to enable Git source control. You need to initialize the project as a Git repository first.
[2015.10.07-23.44.07:104][712]SourceControl:Error: Error Failed to enable Git source control. You need to initialize the project as a Git repository first.
[2015.10.07-23.44.17:339][347]SourceControl:Error: Error Failed to enable Git source control. You need to initialize the project as a Git repository first.
[2015.10.07-23.46.11:180][972]SourceControl:Error: Error Failed to enable Git source control. You need to initialize the project as a Git repository first.
[2015.10.07-23.46.26:189][969]SourceControl: Info Source control is disabled
[2015.10.08-00.04.39:792][394]SourceControl:Error: Error Failed to enable Git source control. You need to initialize the project as a Git repository first.
[2015.10.08-00.25.45:821][701]Cmd: QUIT_EDITOR
[2015.10.08-00.25.46:169][701]LogExit: Preparing to exit.
[2015.10.08-00.25.47:057][701]LogExit: Editor shut down
[2015.10.08-00.25.47:057][701]LogExit: Transaction tracking system shut down
[2015.10.08-00.25.47:059][701]LogParticles: Destroying 0 GPU particle simulations for FXSystem 0x000000000F979BC0
[2015.10.08-00.25.47:059][701]LogParticles: Destroying 0 GPU particle simulations for FXSystem 0x00000000113AF880
[2015.10.08-00.25.47:059][701]LogParticles: Destroying 0 GPU particle simulations for FXSystem 0x000000001132BD80
[2015.10.08-00.25.47:176][701]LogExit: Object subsystem successfully closed.
[2015.10.08-00.25.47:191][701]LogD3D11RHI: Shutdown
[2015.10.08-00.25.47:191][701]LogD3D11RHI: CleanupD3DDevice
[2015.10.08-00.25.47:222][701]LogD3D11RHI: ~FD3D11DynamicRHI
[2015.10.08-00.25.47:245][701]LogModuleManager: Shutting down and abandoning module CrashTracker (198)
[2015.10.08-00.25.47:245][701]LogModuleManager: Shutting down and abandoning module SceneOutliner (197)
[2015.10.08-00.25.47:245][701]LogModuleManager: Shutting down and abandoning module SuperSearch (196)
[2015.10.08-00.25.47:245][701]LogModuleManager: Shutting down and abandoning module WidgetCarousel (195)
[2015.10.08-00.25.47:245][701]LogModuleManager: Shutting down and abandoning module AddContentDialog (194)
[2015.10.08-00.25.47:246][701]LogModuleManager: Shutting down and abandoning module EditorWidgets (193)
[2015.10.08-00.25.47:246][701]LogModuleManager: Shutting down and abandoning module CollectionManager (192)
[2015.10.08-00.25.47:246][701]LogModuleManager: Shutting down and abandoning module StatsViewer (191)
[2015.10.08-00.25.47:246][701]LogModuleManager: Shutting down and abandoning module FoliageEdit (190)
[2015.10.08-00.25.47:246][701]LogModuleManager: Shutting down and abandoning module LandscapeEditor (189)
[2015.10.08-00.25.47:246][701]LogModuleManager: Shutting down and abandoning module ActorPickerMode (188)
[2015.10.08-00.25.47:246][701]LogModuleManager: Shutting down and abandoning module GeometryMode (187)
[2015.10.08-00.25.47:246][701]LogModuleManager: Shutting down and abandoning module TextureAlignMode (186)
[2015.10.08-00.25.47:246][701]LogModuleManager: Shutting down and abandoning module BspMode (185)
[2015.10.08-00.25.47:246][701]LogModuleManager: Shutting down and abandoning module PlacementMode (184)
[2015.10.08-00.25.47:246][701]LogModuleManager: Shutting down and abandoning module AutomationWorker (183)
[2015.10.08-00.25.47:247][701]LogModuleManager: Shutting down and abandoning module CharacterAI (182)
[2015.10.08-00.25.47:247][701]LogModuleManager: Shutting down and abandoning module SmartSnapping (181)
[2015.10.08-00.25.47:247][701]LogModuleManager: Shutting down and abandoning module ViewportSnapping (180)
[2015.10.08-00.25.47:247][701]LogModuleManager: Shutting down and abandoning module LogVisualizer (179)
[2015.10.08-00.25.47:247][701]LogModuleManager: Shutting down and abandoning module GameProjectGeneration (178)
[2015.10.08-00.25.47:247][701]LogModuleManager: Shutting down and abandoning module IntroTutorials (177)
[2015.10.08-00.25.47:247][701]LogModuleManager: Shutting down and abandoning module EditorLiveStreaming (176)
[2015.10.08-00.25.47:247][701]LogModuleManager: Shutting down and abandoning module IOSPlatformEditor (175)
[2015.10.08-00.25.47:247][701]LogModuleManager: Shutting down and abandoning module HTML5PlatformEditor (174)
[2015.10.08-00.25.47:247][701]LogModuleManager: Shutting down and abandoning module AndroidDeviceDetection (173)
[2015.10.08-00.25.47:851][701]LogModuleManager: Shutting down and abandoning module AndroidPlatformEditor (172)
[2015.10.08-00.25.47:851][701]LogModuleManager: Shutting down and abandoning module IOSRuntimeSettings (171)
[2015.10.08-00.25.47:851][701]LogModuleManager: Shutting down and abandoning module AndroidRuntimeSettings (170)
[2015.10.08-00.25.47:851][701]LogModuleManager: Shutting down and abandoning module MergeActors (169)
[2015.10.08-00.25.47:851][701]LogModuleManager: Shutting down and abandoning module SizeMap (168)
[2015.10.08-00.25.47:851][701]LogModuleManager: Shutting down and abandoning module TreeMap (167)
[2015.10.08-00.25.47:851][701]LogModuleManager: Shutting down and abandoning module ReferenceViewer (166)
[2015.10.08-00.25.47:851][701]LogModuleManager: Shutting down and abandoning module LocalizationService (165)
[2015.10.08-00.25.47:851][701]LogModuleManager: Shutting down and abandoning module LocalizationDashboard (164)
[2015.10.08-00.25.47:851][701]LogModuleManager: Shutting down and abandoning module HardwareTargeting (163)
[2015.10.08-00.25.47:851][701]LogModuleManager: Shutting down and abandoning module DeviceProfileEditor (162)
[2015.10.08-00.25.47:851][701]LogModuleManager: Shutting down and abandoning module UndoHistory (161)
[2015.10.08-00.25.47:851][701]LogModuleManager: Shutting down and abandoning module GameplayTagsEditor (160)
[2015.10.08-00.25.47:851][701]LogModuleManager: Shutting down and abandoning module UserFeedback (159)
[2015.10.08-00.25.47:851][701]LogModuleManager: Shutting down and abandoning module XmlParser (158)
[2015.10.08-00.25.47:851][701]LogModuleManager: Shutting down and abandoning module Blutility (157)
[2015.10.08-00.25.47:851][701]LogModuleManager: Shutting down and abandoning module ProjectTargetPlatformEditor (156)
[2015.10.08-00.25.47:851][701]LogModuleManager: Shutting down and abandoning module ProjectSettingsViewer (155)
[2015.10.08-00.25.47:851][701]LogModuleManager: Shutting down and abandoning module InputBindingEditor (154)
[2015.10.08-00.25.47:851][701]LogModuleManager: Shutting down and abandoning module EditorSettingsViewer (153)
[2015.10.08-00.25.47:851][701]LogModuleManager: Shutting down and abandoning module SettingsEditor (152)
[2015.10.08-00.25.47:851][701]LogModuleManager: Shutting down and abandoning module ProjectLauncher (151)
[2015.10.08-00.25.47:851][701]LogModuleManager: Shutting down and abandoning module SessionFrontend (150)
[2015.10.08-00.25.47:851][701]LogModuleManager: Shutting down and abandoning module ProfilerClient (149)
[2015.10.08-00.25.47:851][701]LogModuleManager: Shutting down and abandoning module TargetDeviceServices (148)
[2015.10.08-00.25.47:851][701]LogModuleManager: Shutting down and abandoning module DeviceManager (147)
[2015.10.08-00.25.47:851][701]LogModuleManager: Shutting down and abandoning module AutomationController (146)
[2015.10.08-00.25.47:851][701]LogModuleManager: Shutting down and abandoning module AutomationWindow (145)
[2015.10.08-00.25.47:851][701]LogModuleManager: Shutting down and abandoning module Layers (144)
[2015.10.08-00.25.47:851][701]LogModuleManager: Shutting down and abandoning module ComponentVisualizers (143)
[2015.10.08-00.25.47:851][701]LogModuleManager: Shutting down and abandoning module DetailCustomizations (142)
[2015.10.08-00.25.47:851][701]LogModuleManager: Shutting down and abandoning module PackagesDialog (141)
[2015.10.08-00.25.47:852][701]LogModuleManager: Shutting down and abandoning module Persona (140)
[2015.10.08-00.25.47:852][701]LogModuleManager: Shutting down and abandoning module Kismet (139)
[2015.10.08-00.25.47:852][701]LogModuleManager: Shutting down and abandoning module GraphEditor (138)
[2015.10.08-00.25.47:852][701]LogModuleManager: Shutting down and abandoning module ClassViewer (137)
[2015.10.08-00.25.47:853][701]LogModuleManager: Shutting down and abandoning module Toolbox (136)
[2015.10.08-00.25.47:853][701]LogModuleManager: Shutting down and abandoning module ModuleUI (135)
[2015.10.08-00.25.47:853][701]LogModuleManager: Shutting down and abandoning module MovieSceneTools (134)
[2015.10.08-00.25.47:853][701]LogModuleManager: Shutting down and abandoning module OutputLog (133)
[2015.10.08-00.25.47:853][701]LogModuleManager: Shutting down and abandoning module GammaUI (132)
[2015.10.08-00.25.47:853][701]LogModuleManager: Shutting down and abandoning module Documentation (131)
[2015.10.08-00.25.47:853][701]LogModuleManager: Shutting down and abandoning module GameLiveStreaming (130)
[2015.10.08-00.25.47:853][701]LogModuleManager: Shutting down and abandoning module StreamingPauseRendering (129)
[2015.10.08-00.25.47:853][701]LogModuleManager: Shutting down and abandoning module AnalyticsET (128)
[2015.10.08-00.25.47:853][701]LogModuleManager: Shutting down and abandoning module Analytics (127)
[2015.10.08-00.25.47:853][701]LogModuleManager: Shutting down and abandoning module AITestSuite (126)
[2015.10.08-00.25.47:853][701]LogModuleManager: Shutting down and abandoning module GameplayDebugger (125)
[2015.10.08-00.25.47:853][701]LogModuleManager: Shutting down and abandoning module AIModule (124)
[2015.10.08-00.25.47:853][701]LogModuleManager: Shutting down and abandoning module ProfilerService (123)
[2015.10.08-00.25.47:998][701]LogModuleManager: Shutting down and abandoning module TaskGraph (122)
[2015.10.08-00.25.47:998][701]LogModuleManager: Shutting down and abandoning module SlateRemote (121)
[2015.10.08-00.25.47:998][701]LogModuleManager: Shutting down and abandoning module SteamVRController (120)
[2015.10.08-00.25.47:998][701]LogModuleManager: Shutting down and abandoning module SteamVR (119)
[2015.10.08-00.25.47:998][701]LogModuleManager: Shutting down and abandoning module ProceduralMeshComponent (118)
[2015.10.08-00.25.47:998][701]LogModuleManager: Shutting down and abandoning module OculusRift (117)
[2015.10.08-00.25.47:998][701]LogModuleManager: Shutting down and abandoning module OculusLibrary (116)
[2015.10.08-00.25.47:998][701]LogModuleManager: Shutting down and abandoning module LeapMotionController (115)
[2015.10.08-00.25.48:004][701]LogModuleManager: Shutting down and abandoning module CustomMeshComponent (114)
[2015.10.08-00.25.48:004][701]LogModuleManager: Shutting down and abandoning module CableComponent (113)
[2015.10.08-00.25.48:004][701]LogModuleManager: Shutting down and abandoning module ArchVisCharacter (112)
[2015.10.08-00.25.48:004][701]LogModuleManager: Shutting down and abandoning module MessagingDebugger (111)
[2015.10.08-00.25.48:004][701]LogModuleManager: Shutting down and abandoning module MediaPlayerEditor (110)
[2015.10.08-00.25.48:004][701]LogModuleManager: Shutting down and abandoning module HTML5Networking (109)
[2015.10.08-00.25.48:004][701]LogModuleManager: Shutting down and abandoning module CodeView (108)
[2015.10.08-00.25.48:005][701]LogModuleManager: Shutting down and abandoning module SpeedTreeImporter (107)
[2015.10.08-00.25.48:005][701]LogModuleManager: Shutting down and abandoning module PluginBrowser (106)
[2015.10.08-00.25.48:005][701]LogModuleManager: Shutting down and abandoning module EpicSurvey (105)
[2015.10.08-00.25.48:005][701]LogModuleManager: Shutting down and abandoning module DesktopPlatform (104)
[2015.10.08-00.25.48:005][701]LogModuleManager: Shutting down and abandoning module VisualStudioSourceCodeAccess (103)
[2015.10.08-00.25.48:005][701]LogModuleManager: Shutting down and abandoning module UObjectPlugin (102)
[2015.10.08-00.25.48:005][701]LogModuleManager: Shutting down and abandoning module SubversionSourceControl (101)
[2015.10.08-00.25.48:005][701]LogModuleManager: Shutting down and abandoning module PerforceSourceControl (100)
[2015.10.08-00.25.48:005][701]LogModuleManager: Shutting down and abandoning module SourceControl (99)
[2015.10.08-00.25.48:005][701]LogModuleManager: Shutting down and abandoning module GitSourceControl (98)
[2015.10.08-00.25.48:005][701]LogModuleManager: Shutting down and abandoning module LightPropagationVolumeEditor (97)
[2015.10.08-00.25.48:005][701]LogModuleManager: Shutting down and abandoning module PaperTiledImporter (96)
[2015.10.08-00.25.48:005][701]LogModuleManager: Shutting down and abandoning module PaperSpriteSheetImporter (95)
[2015.10.08-00.25.48:005][701]LogModuleManager: Shutting down and abandoning module MeshPaint (94)
[2015.10.08-00.25.48:005][701]LogModuleManager: Shutting down and abandoning module SlateReflector (93)
[2015.10.08-00.25.48:005][701]LogModuleManager: Shutting down and abandoning module HotReload (92)
[2015.10.08-00.25.48:005][701]LogModuleManager: Shutting down and abandoning module MainFrame (91)
[2015.10.08-00.25.48:005][701]LogModuleManager: Shutting down and abandoning module LevelEditor (90)
[2015.10.08-00.25.48:006][701]LogModuleManager: Shutting down and abandoning module DirectoryWatcher (89)
[2015.10.08-00.25.48:007][701]LogModuleManager: Shutting down and abandoning module AssetRegistry (88)
[2015.10.08-00.25.48:079][701]LogModuleManager: Shutting down and abandoning module ContentBrowser (87)
[2015.10.08-00.25.48:079][701]LogModuleManager: Shutting down and abandoning module Paper2DEditor (86)
[2015.10.08-00.25.48:079][701]LogModuleManager: Shutting down and abandoning module UdpMessaging (85)
[2015.10.08-00.25.48:179][701]LogModuleManager: Shutting down and abandoning module LightPropagationVolumeRuntime (84)
[2015.10.08-00.25.48:179][701]LogModuleManager: Shutting down and abandoning module Paper2D (83)
[2015.10.08-00.25.48:179][701]LogModuleManager: Shutting down and abandoning module WindowsMoviePlayer (82)
[2015.10.08-00.25.48:181][701]LogModuleManager: Shutting down and abandoning module Media (81)
[2015.10.08-00.25.48:181][701]LogModuleManager: Shutting down and abandoning module WmfMedia (80)
[2015.10.08-00.25.48:181][701]LogModuleManager: Shutting down and abandoning module OnlineBlueprintSupport (79)
[2015.10.08-00.25.48:181][701]LogModuleManager: Shutting down and abandoning module GameplayTasksEditor (78)
[2015.10.08-00.25.48:181][701]LogModuleManager: Shutting down and abandoning module PropertyEditor (77)
[2015.10.08-00.25.48:181][701]LogModuleManager: Shutting down and abandoning module BehaviorTreeEditor (76)
[2015.10.08-00.25.48:181][701]LogModuleManager: Shutting down and abandoning module FunctionalTesting (75)
[2015.10.08-00.25.48:181][701]LogModuleManager: Shutting down and abandoning module CollisionAnalyzer (74)
[2015.10.08-00.25.48:181][701]LogModuleManager: Shutting down and abandoning module WorkspaceMenuStructure (73)
[2015.10.08-00.25.48:181][701]LogModuleManager: Shutting down and abandoning module MessageLog (72)
[2015.10.08-00.25.48:181][701]LogModuleManager: Shutting down and abandoning module Sequencer (71)
[2015.10.08-00.25.48:181][701]LogModuleManager: Shutting down and abandoning module AssetTools (70)
[2015.10.08-00.25.48:181][701]LogModuleManager: Shutting down and abandoning module UMGEditor (69)
[2015.10.08-00.25.48:182][701]LogModuleManager: Shutting down and abandoning module UMG (68)
[2015.10.08-00.25.48:182][701]LogModuleManager: Shutting down and abandoning module Slate (67)
[2015.10.08-00.25.48:182][701]LogModuleManager: Shutting down and abandoning module EditorStyle (66)
[2015.10.08-00.25.48:183][701]LogModuleManager: Shutting down and abandoning module SessionServices (65)
[2015.10.08-00.25.48:183][701]LogModuleManager: Shutting down and abandoning module SourceCodeAccess (64)
[2015.10.08-00.25.48:183][701]LogModuleManager: Shutting down and abandoning module HeadMountedDisplay (63)
[2015.10.08-00.25.48:183][701]LogModuleManager: Shutting down and abandoning module XAudio2 (62)
[2015.10.08-00.25.48:183][701]LogModuleManager: Shutting down and abandoning module Networking (60)
[2015.10.08-00.25.48:183][701]LogModuleManager: Shutting down and abandoning module Core (59)
[2015.10.08-00.25.48:183][701]LogModuleManager: Shutting down and abandoning module KismetCompiler (58)
[2015.10.08-00.25.48:183][701]LogModuleManager: Shutting down and abandoning module PhysXFormats (57)
[2015.10.08-00.25.48:183][701]LogModuleManager: Shutting down and abandoning module MeshUtilities (56)
[2015.10.08-00.25.48:183][701]LogModuleManager: Shutting down and abandoning module CookingStats (55)
[2015.10.08-00.25.48:183][701]LogModuleManager: Shutting down and abandoning module DerivedDataCache (54)
[2015.10.08-00.25.48:200][701]LogDerivedDataCache: Shutdown
[2015.10.08-00.25.48:200][701]LogModuleManager: Shutting down and abandoning module ShaderFormatOpenGL (53)
[2015.10.08-00.25.48:200][701]LogModuleManager: Shutting down and abandoning module ShaderFormatD3D (52)
[2015.10.08-00.25.48:200][701]LogModuleManager: Shutting down and abandoning module MetalShaderFormat (51)
[2015.10.08-00.25.48:200][701]LogModuleManager: Shutting down and abandoning module TextureFormatUncompressed (50)
[2015.10.08-00.25.48:200][701]LogModuleManager: Shutting down and abandoning module TextureFormatPVR (49)
[2015.10.08-00.25.48:200][701]LogModuleManager: Shutting down and abandoning module TextureFormatIntelISPCTexComp (48)
[2015.10.08-00.25.48:200][701]LogModuleManager: Shutting down and abandoning module TextureFormatDXT (47)
[2015.10.08-00.25.48:200][701]LogModuleManager: Shutting down and abandoning module ImageWrapper (46)
[2015.10.08-00.25.48:200][701]LogModuleManager: Shutting down and abandoning module TextureFormatASTC (45)
[2015.10.08-00.25.48:200][701]LogModuleManager: Shutting down and abandoning module TextureFormatAndroid (44)
[2015.10.08-00.25.48:200][701]LogModuleManager: Shutting down and abandoning module AudioFormatOpus (43)
[2015.10.08-00.25.48:200][701]LogModuleManager: Shutting down and abandoning module AudioFormatOgg (42)
[2015.10.08-00.25.48:200][701]LogModuleManager: Shutting down and abandoning module AudioFormatADPCM (41)
[2015.10.08-00.25.48:200][701]LogModuleManager: Shutting down and abandoning module LinuxTargetPlatform (40)
[2015.10.08-00.25.48:200][701]LogModuleManager: Shutting down and abandoning module LinuxServerTargetPlatform (39)
[2015.10.08-00.25.48:200][701]LogModuleManager: Shutting down and abandoning module LinuxNoEditorTargetPlatform (38)
[2015.10.08-00.25.48:200][701]LogModuleManager: Shutting down and abandoning module Messaging (37)
[2015.10.08-00.25.48:200][701]LogModuleManager: Shutting down and abandoning module IOSTargetPlatform (36)
[2015.10.08-00.25.48:200][701]LogModuleManager: Shutting down and abandoning module HTML5TargetPlatform (35)
[2015.10.08-00.25.48:200][701]LogModuleManager: Shutting down and abandoning module Android_PVRTCTargetPlatform (34)
[2015.10.08-00.25.48:200][701]LogModuleManager: Shutting down and abandoning module Android_ETC2TargetPlatform (33)
[2015.10.08-00.25.48:200][701]LogModuleManager: Shutting down and abandoning module Android_ETC1TargetPlatform (32)
[2015.10.08-00.25.48:200][701]LogModuleManager: Shutting down and abandoning module Android_DXTTargetPlatform (31)
[2015.10.08-00.25.48:200][701]LogModuleManager: Shutting down and abandoning module Android_ATCTargetPlatform (30)
[2015.10.08-00.25.48:200][701]LogModuleManager: Shutting down and abandoning module Android_ASTCTargetPlatform (29)
[2015.10.08-00.25.48:200][701]LogModuleManager: Shutting down and abandoning module AndroidTargetPlatform (28)
[2015.10.08-00.25.48:200][701]LogModuleManager: Shutting down and abandoning module WindowsTargetPlatform (27)
[2015.10.08-00.25.48:200][701]LogModuleManager: Shutting down and abandoning module WindowsServerTargetPlatform (26)
[2015.10.08-00.25.48:200][701]LogModuleManager: Shutting down and abandoning module WindowsNoEditorTargetPlatform (25)
[2015.10.08-00.25.48:200][701]LogModuleManager: Shutting down and abandoning module WindowsClientTargetPlatform (24)
[2015.10.08-00.25.48:200][701]LogModuleManager: Shutting down and abandoning module AllDesktopTargetPlatform (23)
[2015.10.08-00.25.48:200][701]LogModuleManager: Shutting down and abandoning module TargetPlatform (22)
[2015.10.08-00.25.48:200][701]LogModuleManager: Shutting down and abandoning module InputCore (21)
[2015.10.08-00.25.48:200][701]LogModuleManager: Shutting down and abandoning module Settings (20)
[2015.10.08-00.25.48:200][701]LogModuleManager: Shutting down and abandoning module OnlineSubsystem (18)
[2015.10.08-00.25.48:200][701]LogModuleManager: Shutting down and abandoning module HTTP (17)
[2015.10.08-00.25.50:200][701]LogModuleManager: Shutting down and abandoning module XMPP (16)
[2015.10.08-00.25.50:200][701]LogModuleManager: Shutting down and abandoning module ExampleDeviceProfileSelector (15)
[2015.10.08-00.25.50:200][701]LogModuleManager: Shutting down and abandoning module TextureCompressor (14)
[2015.10.08-00.25.50:200][701]LogModuleManager: Shutting down and abandoning module ShaderCore (13)
[2015.10.08-00.25.50:200][701]LogModuleManager: Shutting down and abandoning module Landscape (12)
[2015.10.08-00.25.50:200][701]LogModuleManager: Shutting down and abandoning module SlateRHIRenderer (11)
[2015.10.08-00.25.50:201][701]LogModuleManager: Shutting down and abandoning module OpenGLDrv (10)
[2015.10.08-00.25.50:201][701]LogModuleManager: Shutting down and abandoning module D3D11RHI (9)
[2015.10.08-00.25.50:201][701]LogModuleManager: Shutting down and abandoning module AnimGraphRuntime (8)
[2015.10.08-00.25.50:201][701]LogModuleManager: Shutting down and abandoning module Renderer (7)
[2015.10.08-00.25.50:201][701]LogModuleManager: Shutting down and abandoning module Engine (6)
[2015.10.08-00.25.50:201][701]LogModuleManager: Shutting down and abandoning module CoreUObject (5)
[2015.10.08-00.25.50:201][701]LogModuleManager: Shutting down and abandoning module NetworkFile (4)
[2015.10.08-00.25.50:201][701]LogModuleManager: Shutting down and abandoning module StreamingFile (3)
[2015.10.08-00.25.50:201][701]LogModuleManager: Shutting down and abandoning module SandboxFile (2)
[2015.10.08-00.25.50:201][701]LogModuleManager: Shutting down and abandoning module PakFile (1)
[2015.10.08-00.25.50:202][701]LogExit: Exiting.
[2015.10.08-00.25.50:216][701]Log file closed, 10/07/15 20:25:50
