[2015.10.08-21.11.28:376][  0]Log file open, 10/08/15 17:11:28
[2015.10.08-21.11.28:376][  0]LogInit:Display: Running engine for game: MyProject2
[2015.10.08-21.11.28:376][  0]LogInit:Display: RandInit(-217797433) SRandInit(-217797432).
[2015.10.08-21.11.28:376][  0]LogTaskGraph: Started task graph with 4 named threads and 7 total threads.
[2015.10.08-21.11.28:376][  0]LogStats: Stats thread started at 0.086963
[2015.10.08-21.11.28:376][  0]LogInit: Version: 4.9.1-2689999+++depot+UE4-Releases+4.9
[2015.10.08-21.11.28:376][  0]LogInit: API Version: 2672455
[2015.10.08-21.11.28:376][  0]LogInit: Compiled (64-bit): Sep 14 2015 04:12:03
[2015.10.08-21.11.28:376][  0]LogInit: Compiled with Visual C++: 18.00.21005.01
[2015.10.08-21.11.28:376][  0]LogInit: Build Configuration: Development
[2015.10.08-21.11.28:376][  0]LogInit: Branch Name: ++depot+UE4-Releases+4.9
[2015.10.08-21.11.28:376][  0]LogInit: Command line: 
[2015.10.08-21.11.28:376][  0]LogInit: Base directory: C:/Program Files/Epic Games/4.9/Engine/Binaries/Win64/
[2015.10.08-21.11.28:376][  0]LogInit: Rocket: 1
[2015.10.08-21.11.28:387][  0]LogInit: Using libcurl 7.41.0
[2015.10.08-21.11.28:387][  0]LogInit:  - built for x86_64-pc-win32
[2015.10.08-21.11.28:387][  0]LogInit:  - supports SSL with WinSSL
[2015.10.08-21.11.28:387][  0]LogInit:  - other features:
[2015.10.08-21.11.28:387][  0]LogInit:      CURL_VERSION_SSL
[2015.10.08-21.11.28:387][  0]LogInit:      CURL_VERSION_IPV6
[2015.10.08-21.11.28:387][  0]LogInit:      CURL_VERSION_ASYNCHDNS
[2015.10.08-21.11.28:387][  0]LogInit:      CURL_VERSION_LARGEFILE
[2015.10.08-21.11.28:387][  0]LogInit:      CURL_VERSION_IDN
[2015.10.08-21.11.28:387][  0]LogInit:  CurlRequestOptions (configurable via config and command line):
[2015.10.08-21.11.28:387][  0]LogInit:  - bVerifyPeer = true  - Libcurl will verify peer certificate
[2015.10.08-21.11.28:387][  0]LogInit:  - bUseHttpProxy = false  - Libcurl will NOT use HTTP proxy
[2015.10.08-21.11.28:387][  0]LogInit:  - bDontReuseConnections = false  - Libcurl will reuse connections
[2015.10.08-21.11.28:387][  0]LogInit:  - CertBundlePath = nullptr  - Libcurl will use whatever was configured at build time.
[2015.10.08-21.11.28:394][  0]LogInit: Presizing for 0 objects not considered by GC, pre-allocating 0 bytes.
[2015.10.08-21.11.28:405][  0]LogInit: Object subsystem initialized
[2015.10.08-21.11.28:407][  0]LogInit: Selected Device Profile: [Windows]
[2015.10.08-21.11.28:407][  0]LogInit: Applying CVar settings loaded from the selected device profile: [Windows]
[2015.10.08-21.11.28:419][  0]LogInit: Computer: CS-ABH319-8
[2015.10.08-21.11.28:419][  0]LogInit: User: titusla
[2015.10.08-21.11.28:419][  0]LogInit: CPU Page size=4096, Cores=4
[2015.10.08-21.11.28:419][  0]LogInit: High frequency timer resolution =3.020429 MHz
[2015.10.08-21.11.28:419][  0]LogMemory: Memory total: Physical=7.9GB (8GB approx)
[2015.10.08-21.11.28:419][  0]LogMemory: Platform Memory Stats for Windows
[2015.10.08-21.11.28:419][  0]LogMemory: Process Physical Memory: 53.85 MB used, 53.85 MB peak
[2015.10.08-21.11.28:419][  0]LogMemory: Process Virtual Memory: 58.36 MB used, 58.36 MB peak
[2015.10.08-21.11.28:419][  0]LogMemory: Physical Memory: 4309.73 MB used, 8100.34 MB total
[2015.10.08-21.11.28:419][  0]LogMemory: Virtual Memory: 339.37 MB used, 8388608.00 MB total
[2015.10.08-21.11.28:459][  0]LogTextLocalizationManager: No specific translations for ('en-US') exist, so ('en') translations will be used.
[2015.10.08-21.11.29:323][  0]LogD3D11RHI: Found D3D11 adapter 0: Intel(R) HD Graphics 4600 (Feature Level 11_0)
[2015.10.08-21.11.29:323][  0]LogD3D11RHI: Adapter has 64MB of dedicated video memory, 0MB of dedicated system memory, and 1632MB of shared system memory, 1 output[s]
[2015.10.08-21.11.29:323][  0]LogD3D11RHI: Chosen D3D11 Adapter Id = 0
[2015.10.08-21.11.29:329][  0]LogD3D11RHI: !Direct3DDevice
[2015.10.08-21.11.29:330][  0]LogRHI: Texture pool is 616 MB (70% of 880 MB)
[2015.10.08-21.11.29:337][  0]LogD3D11RHI: Async texture creation enabled
[2015.10.08-21.11.29:343][  0]LogShaderCompilers: Guid format shader working directory is 15 characters bigger than the processId version (../../../../../../Users/titusla/Documents/Unreal Projects/MyProject2/Intermediate/Shaders/WorkingDirectory/5332/).
[2015.10.08-21.11.29:343][  0]LogShaderCompilers: Cleaned the shader compiler working directory '../../../../../../Users/titusla/Documents/Unreal Projects/MyProject2/Intermediate/Shaders/tmp/B1FB2B79446E94C4D422A58F923A6AFD/'.
[2015.10.08-21.11.29:343][  0]LogShaderCompilers:Display: Using Local Shader Compiler.
[2015.10.08-21.11.30:681][  0]LogTemp:Display: Loaded TP AllDesktopTargetPlatform
[2015.10.08-21.11.30:688][  0]LogTemp:Display: Loaded TP WindowsClientTargetPlatform
[2015.10.08-21.11.30:696][  0]LogTemp:Display: Loaded TP WindowsNoEditorTargetPlatform
[2015.10.08-21.11.30:701][  0]LogTemp:Display: Loaded TP WindowsServerTargetPlatform
[2015.10.08-21.11.30:705][  0]LogTemp:Display: Loaded TP WindowsTargetPlatform
[2015.10.08-21.11.30:708][  0]LogTemp:Display: Loaded TP AndroidTargetPlatform
[2015.10.08-21.11.30:713][  0]LogTemp:Display: Loaded TP Android_ASTCTargetPlatform
[2015.10.08-21.11.30:716][  0]LogTemp:Display: Loaded TP Android_ATCTargetPlatform
[2015.10.08-21.11.30:719][  0]LogTemp:Display: Loaded TP Android_DXTTargetPlatform
[2015.10.08-21.11.30:722][  0]LogTemp:Display: Loaded TP Android_ETC1TargetPlatform
[2015.10.08-21.11.30:727][  0]LogTemp:Display: Loaded TP Android_ETC2TargetPlatform
[2015.10.08-21.11.30:730][  0]LogTemp:Display: Loaded TP Android_PVRTCTargetPlatform
[2015.10.08-21.11.30:731][  0]LogTemp:Display: Loaded TP HTML5TargetPlatform
[2015.10.08-21.11.30:747][  0]LogTemp:Display: Loaded TP IOSTargetPlatform
[2015.10.08-21.11.30:751][  0]LogTemp:Display: Loaded TP LinuxNoEditorTargetPlatform
[2015.10.08-21.11.30:755][  0]LogTemp:Display: Loaded TP LinuxServerTargetPlatform
[2015.10.08-21.11.30:759][  0]LogTemp:Display: Loaded TP LinuxTargetPlatform
[2015.10.08-21.11.30:759][  0]LogTargetPlatformManager:Display: Building Assets For Windows
[2015.10.08-21.11.30:844][  0]LogDerivedDataCache:Display: Max Cache Size: 512 MB
[2015.10.08-21.11.30:939][  0]LogDerivedDataCache: Loaded boot cache 0.09s 41MB C:/Users/titusla/AppData/Local/UnrealEngine/4.9/DerivedDataCache/Boot.ddc.
[2015.10.08-21.11.30:939][  0]LogDerivedDataCache:Display: Loaded Boot cache: C:/Users/titusla/AppData/Local/UnrealEngine/4.9/DerivedDataCache/Boot.ddc
[2015.10.08-21.11.30:939][  0]LogDerivedDataCache: FDerivedDataBackendGraph:  Pak pak cache file ../../../../../../Users/titusla/Documents/Unreal Projects/MyProject2/DerivedDataCache/DDC.ddp not found, will not use a pak cache.
[2015.10.08-21.11.30:939][  0]LogDerivedDataCache: Unable to find inner node Pak for hierarchical cache Hierarchy.
[2015.10.08-21.11.30:939][  0]LogDerivedDataCache: FDerivedDataBackendGraph:  CompressedPak pak cache file ../../../../../../Users/titusla/Documents/Unreal Projects/MyProject2/DerivedDataCache/Compressed.ddp not found, will not use a pak cache.
[2015.10.08-21.11.30:939][  0]LogDerivedDataCache: Unable to find inner node CompressedPak for hierarchical cache Hierarchy.
[2015.10.08-21.11.31:091][  0]LogDerivedDataCache:Display: Pak cache opened for reading ../../../Engine/DerivedDataCache/Compressed.ddp.
[2015.10.08-21.11.31:102][  0]LogDerivedDataCache: Using Local data cache path C:/Users/titusla/AppData/Local/UnrealEngine/Common/DerivedDataCache: Writable
[2015.10.08-21.11.31:308][  0]LogInit: Selected Device Profile: [Windows]
[2015.10.08-21.11.31:309][  0]LogContentStreaming: Texture pool size is 0.000000MB
[2015.10.08-21.11.31:335][  0]LogMeshUtilities: No automatic mesh reduction module available
[2015.10.08-21.11.31:335][  0]LogMeshUtilities: No automatic mesh merging module available
[2015.10.08-21.11.32:133][  0]LogInit: WinSock: version 1.1 (2.2), MaxSocks=32767, MaxUdp=65467
[2015.10.08-21.11.32:925][  0]UdpMessaging: Initializing bridge on interface 0.0.0.0:0 to multicast group 230.0.0.1:6666.
[2015.10.08-21.11.33:019][  0]LogAssetRegistry: FAssetRegistry took 0.0098 seconds to start up
[2015.10.08-21.11.33:206][  0]SourceControl: Info Source control is disabled
[2015.10.08-21.11.33:249][  0]LogSourceControl:Error: '../../../../../../Users/titusla/Documents/Unreal Projects/MyProject2/' is not part of a Git repository
[2015.10.08-21.11.33:303][  0]LogSourceControl:Error: '../../../../../../Users/titusla/Documents/Unreal Projects/MyProject2/' is not part of a Git repository
[2015.10.08-21.11.33:349][  0]LogSourceControl:Error: '../../../../../../Users/titusla/Documents/Unreal Projects/MyProject2/' is not part of a Git repository
[2015.10.08-21.11.33:497][  0]LogLinker:Warning: Asset '../../../Engine/Plugins/Runtime/LeapMotionController/Content/LM_PassthroughMaterial.uasset' has been saved with empty engine version. The asset will be loaded but may be incompatible.
[2015.10.08-21.11.33:587][  0]LogObj: 28361 objects as part of root set at end of initial load.
[2015.10.08-21.11.33:587][  0]LogUObjectAllocator: 6038864 out of 0 bytes used by permanent object pool.
[2015.10.08-21.11.33:650][  0]LogEngine: Initializing Engine...
[2015.10.08-21.11.33:652][  0]LogHMD: Can't find Oculus library dev build: is proper Runtime installed? Version: 0.7.0.0
[2015.10.08-21.11.33:652][  0]LogHMD: SteamVR failed to initialize.  Err: 110
[2015.10.08-21.11.33:808][  0]LogAIModule: Creating AISystem for world NewWorld
[2015.10.08-21.11.33:811][  0]LogInit: XAudio2 using 'Speakers / Headphones (Realtek High Definition Audio)' : 2 channels at 48 kHz using 32 bits per sample (channel mask 0x3)
[2015.10.08-21.11.33:891][  0]LogInit: FAudioDevice initialized.
[2015.10.08-21.11.33:947][  0]LogDerivedDataCache: Saved boot cache 0.06s 41MB C:/Users/titusla/AppData/Local/UnrealEngine/4.9/DerivedDataCache/Boot.ddc.
[2015.10.08-21.11.33:954][  0]LogInit: Texture streaming: Enabled
[2015.10.08-21.11.33:962][  0]LogAnalytics: Creating configured Analytics provider AnalyticsET
[2015.10.08-21.11.33:962][  0]LogAnalytics: [UEEditor.Rocket.Release] APIServer = http://et2.epicgames.com/ET2/. AppVersion = 4.9.1-2689999+++depot+UE4-Releases+4.9
[2015.10.08-21.11.33:962][  0]LogAnalytics: [UEEditor.Rocket.Release] SetUserId f34d436c492bffa139527abd74321b88|34fb0b047c0f422ba8b292715bf14dcc|ebb1d216-1d38-45a8-8bb9-19369586042e
[2015.10.08-21.11.33:962][  0]LogAnalytics: [UEEditor.Rocket.Release] AnalyticsET::StartSession
[2015.10.08-21.11.33:987][  0]LogInit: Transaction tracking system initialized
[2015.10.08-21.11.34:020][  0]BlueprintLog: New page: Editor Load
[2015.10.08-21.11.34:130][  0]LocalizationService: Info Localization service is disabled
[2015.10.08-21.11.34:413][  0]LogConsoleResponse:Display: 
[2015.10.08-21.11.34:566][  0]LogCook:Display: Done creating registry. It took  0.00s.
[2015.10.08-21.11.34:656][  0]LogFileCache: Scanning file cache for directory 'C:/Users/titusla/Documents/Unreal Projects/MyProject2/Content/' took 0.03s
[2015.10.08-21.11.34:656][  0]LogSourceControl:Error: '../../../../../../Users/titusla/Documents/Unreal Projects/MyProject2/' is not part of a Git repository
[2015.10.08-21.11.34:656][  0]Cmd: MAP LOAD FILE="../../../../../../Users/titusla/Documents/Unreal Projects/MyProject2/Content/2DSideScrollerBP/Maps/2DSideScrollerExampleMap.umap" TEMPLATE=0 SHOWPROGRESS=1 FEATURELEVEL=3
[2015.10.08-21.11.34:657][  0]LightingResults: New page: Lighting Build
[2015.10.08-21.11.34:675][  0]MapCheck: New page: Map Check
[2015.10.08-21.11.34:675][  0]LightingResults: New page: Lighting Build
[2015.10.08-21.11.34:692][  0]LogParticles: Destroying 0 GPU particle simulations for FXSystem 0x0000000013A16160
[2015.10.08-21.11.35:040][  0]LogAIModule: Creating AISystem for world 2DSideScrollerExampleMap
[2015.10.08-21.11.35:046][  0]LogEditorServer: Finished looking for orphan Actors (0.000 secs)
[2015.10.08-21.11.35:047][  0]Cmd: MAP CHECKDEP NOCLEARLOG
[2015.10.08-21.11.35:086][  0]MapCheck: Info Map check complete: 0 Error(s), 0 Warning(s), took 38.894ms to complete.
[2015.10.08-21.11.35:086][  0]LogFileHelpers: Loading map '2DSideScrol